#
# There is insufficient memory for the Java Runtime Environment to continue.
# Native memory allocation (mmap) failed to map 132120576 bytes. Error detail: G1 virtual space
# Possible reasons:
#   The system is out of physical RAM or swap space
#   This process is running with CompressedOops enabled, and the Java Heap may be blocking the growth of the native heap
# Possible solutions:
#   Reduce memory load on the system
#   Increase physical memory or swap space
#   Check if swap backing store is full
#   Decrease Java heap size (-Xmx/-Xms)
#   Decrease number of Java threads
#   Decrease Java thread stack sizes (-Xss)
#   Set larger code cache with -XX:ReservedCodeCacheSize=
#   JVM is running with Unscaled Compressed Oops mode in which the Java heap is
#     placed in the first 4GB address space. The Java Heap base address is the
#     maximum limit for the native heap growth. Please use -XX:HeapBaseMinAddress
#     to set the Java Heap base and to place the Java Heap above 4GB virtual address.
# This output file may be truncated or incomplete.
#
#  Out of Memory Error (os_windows.cpp:3631), pid=24192, tid=12324
#
# JRE version:  (22.0.1+8) (build )
# Java VM: OpenJDK 64-Bit Server VM (22.0.1+8, mixed mode, sharing, tiered, compressed oops, compressed class ptrs, g1 gc, windows-amd64)
# No core dump will be written. Minidumps are not enabled by default on client versions of Windows
#

---------------  S U M M A R Y ------------

Command Line: -Dfile.encoding=UTF-8 -Dstdout.encoding=UTF-8 -Dstderr.encoding=UTF-8 -XX:+ShowCodeDetailsInExceptionMessages readData.ReadData

Host: 11th Gen Intel(R) Core(TM) i3-1115G4 @ 3.00GHz, 4 cores, 7G,  Windows 11 , 64 bit Build 22621 (10.0.22621.3958)
Time: Fri Sep 27 10:54:05 2024 India Standard Time elapsed time: 0.013559 seconds (0d 0h 0m 0s)

---------------  T H R E A D  ---------------

Current thread (0x00000239c00c5890):  JavaThread "Unknown thread" [_thread_in_vm, id=12324, stack(0x000000a529a00000,0x000000a529b00000) (1024K)]

Stack: [0x000000a529a00000,0x000000a529b00000]
Native frames: (J=compiled Java code, j=interpreted, Vv=VM code, C=native code)
V  [jvm.dll+0x6ea239]  (no source info available)
V  [jvm.dll+0x8ccf93]  (no source info available)
V  [jvm.dll+0x8cf3be]  (no source info available)
V  [jvm.dll+0x8cfa93]  (no source info available)
V  [jvm.dll+0x286ea6]  (no source info available)
V  [jvm.dll+0x6e68c5]  (no source info available)
V  [jvm.dll+0x6db54a]  (no source info available)
V  [jvm.dll+0x3601ba]  (no source info available)
V  [jvm.dll+0x368686]  (no source info available)
V  [jvm.dll+0x3ba43e]  (no source info available)
V  [jvm.dll+0x3ba6e8]  (no source info available)
V  [jvm.dll+0x333cbc]  (no source info available)
V  [jvm.dll+0x334878]  (no source info available)
V  [jvm.dll+0x894ebc]  (no source info available)
V  [jvm.dll+0x3c7531]  (no source info available)
V  [jvm.dll+0x87dc3c]  (no source info available)
V  [jvm.dll+0x460e3e]  (no source info available)
V  [jvm.dll+0x462c51]  (no source info available)
C  [jli.dll+0x5278]  (no source info available)
C  [ucrtbase.dll+0x29333]  (no source info available)
C  [KERNEL32.DLL+0x1257d]  (no source info available)
C  [ntdll.dll+0x5af28]  (no source info available)


---------------  P R O C E S S  ---------------

Threads class SMR info:
_java_thread_list=0x00007ffd66b0c688, length=0, elements={
}

Java Threads: ( => current thread )
Total: 0

Other Threads:
  0x00000239c011c200 WorkerThread "GC Thread#0"                     [id=31140, stack(0x000000a529b00000,0x000000a529c00000) (1024K)]
  0x00000239c012cb40 ConcurrentGCThread "G1 Main Marker"            [id=40820, stack(0x000000a529c00000,0x000000a529d00000) (1024K)]
  0x00000239c012d560 WorkerThread "G1 Conc#0"                       [id=40464, stack(0x000000a529d00000,0x000000a529e00000) (1024K)]

[error occurred during error reporting (printing all threads), id 0xc0000005, EXCEPTION_ACCESS_VIOLATION (0xc0000005) at pc=0x00007ffd661f6b17]
VM state: not at safepoint (not fully initialized)

VM Mutex/Monitor currently owned by a thread:  ([mutex/lock_event])
[0x00007ffd66b900a8] Heap_lock - owner thread: 0x00000239c00c5890

Heap address: 0x0000000083200000, size: 1998 MB, Compressed Oops mode: 32-bit

CDS archive(s) mapped at: [0x0000000000000000-0x0000000000000000-0x0000000000000000), size 0, SharedBaseAddress: 0x0000000800000000, ArchiveRelocationMode: 1.
Narrow klass base: 0x0000000000000000, Narrow klass shift: 0, Narrow klass range: 0x0

GC Precious Log:
 CardTable entry size: 512
 Card Set container configuration: InlinePtr #cards 5 size 8 Array Of Cards #cards 12 size 40 Howl #buckets 4 coarsen threshold 1843 Howl Bitmap #cards 512 size 80 coarsen threshold 460 Card regions per heap region 1 cards per card region 2048

Heap:
 garbage-first heap   total reserved 2045952K, committed 0K, used 0K [0x0000000083200000, 0x0000000100000000)
  region size 1024K, 0 young (0K), 0 survivors (0K)

[error occurred during error reporting (printing heap information), id 0xc0000005, EXCEPTION_ACCESS_VIOLATION (0xc0000005) at pc=0x00007ffd665f6e29]
GC Heap History (0 events):
No events

Dll operation events (1 events):
Event: 0.008 Loaded shared library C:\Users\Rahul Kolhe\.p2\pool\plugins\org.eclipse.justj.openjdk.hotspot.jre.full.win32.x86_64_22.0.1.v20240426-1149\jre\bin\java.dll

Deoptimization events (0 events):
No events

Classes loaded (0 events):
No events

Classes unloaded (0 events):
No events

Classes redefined (0 events):
No events

Internal exceptions (0 events):
No events

ZGC Phase Switch (0 events):
No events

VM Operations (0 events):
No events

Events (0 events):
No events


Dynamic libraries:
0x00007ff6a8980000 - 0x00007ff6a898e000 	C:\Users\Rahul Kolhe\.p2\pool\plugins\org.eclipse.justj.openjdk.hotspot.jre.full.win32.x86_64_22.0.1.v20240426-1149\jre\bin\javaw.exe
0x00007ffdb3e90000 - 0x00007ffdb40a7000 	C:\WINDOWS\SYSTEM32\ntdll.dll
0x00007ffdb3460000 - 0x00007ffdb3524000 	C:\WINDOWS\System32\KERNEL32.DLL
0x00007ffdb1490000 - 0x00007ffdb183d000 	C:\WINDOWS\System32\KERNELBASE.dll
0x00007ffdb1370000 - 0x00007ffdb1481000 	C:\WINDOWS\System32\ucrtbase.dll
0x00007ffda0390000 - 0x00007ffda03ab000 	C:\Users\Rahul Kolhe\.p2\pool\plugins\org.eclipse.justj.openjdk.hotspot.jre.full.win32.x86_64_22.0.1.v20240426-1149\jre\bin\VCRUNTIME140.dll
0x00007ffda03b0000 - 0x00007ffda03c7000 	C:\Users\Rahul Kolhe\.p2\pool\plugins\org.eclipse.justj.openjdk.hotspot.jre.full.win32.x86_64_22.0.1.v20240426-1149\jre\bin\jli.dll
0x00007ffdb3840000 - 0x00007ffdb39ee000 	C:\WINDOWS\System32\USER32.dll
0x00007ffd92560000 - 0x00007ffd927f3000 	C:\WINDOWS\WinSxS\amd64_microsoft.windows.common-controls_6595b64144ccf1df_6.0.22621.3672_none_2713b9d173822955\COMCTL32.dll
0x00007ffdb2bf0000 - 0x00007ffdb2c97000 	C:\WINDOWS\System32\msvcrt.dll
0x00007ffdb1230000 - 0x00007ffdb1256000 	C:\WINDOWS\System32\win32u.dll
0x00007ffdb2fb0000 - 0x00007ffdb2fd9000 	C:\WINDOWS\System32\GDI32.dll
0x00007ffdb1a70000 - 0x00007ffdb1b89000 	C:\WINDOWS\System32\gdi32full.dll
0x00007ffdb1260000 - 0x00007ffdb12fa000 	C:\WINDOWS\System32\msvcp_win.dll
0x00007ffdb2510000 - 0x00007ffdb2541000 	C:\WINDOWS\System32\IMM32.DLL
0x00007ffda8320000 - 0x00007ffda832c000 	C:\Users\Rahul Kolhe\.p2\pool\plugins\org.eclipse.justj.openjdk.hotspot.jre.full.win32.x86_64_22.0.1.v20240426-1149\jre\bin\vcruntime140_1.dll
0x00007ffd8ebb0000 - 0x00007ffd8ec3e000 	C:\Users\Rahul Kolhe\.p2\pool\plugins\org.eclipse.justj.openjdk.hotspot.jre.full.win32.x86_64_22.0.1.v20240426-1149\jre\bin\msvcp140.dll
0x00007ffd65eb0000 - 0x00007ffd66c72000 	C:\Users\Rahul Kolhe\.p2\pool\plugins\org.eclipse.justj.openjdk.hotspot.jre.full.win32.x86_64_22.0.1.v20240426-1149\jre\bin\server\jvm.dll
0x00007ffdb25b0000 - 0x00007ffdb2662000 	C:\WINDOWS\System32\ADVAPI32.dll
0x00007ffdb3d90000 - 0x00007ffdb3e39000 	C:\WINDOWS\System32\sechost.dll
0x00007ffdb1b90000 - 0x00007ffdb1bb8000 	C:\WINDOWS\System32\bcrypt.dll
0x00007ffdb3720000 - 0x00007ffdb3834000 	C:\WINDOWS\System32\RPCRT4.dll
0x00007ffdb39f0000 - 0x00007ffdb3a61000 	C:\WINDOWS\System32\WS2_32.dll
0x00007ffdb1070000 - 0x00007ffdb10bd000 	C:\WINDOWS\SYSTEM32\POWRPROF.dll
0x00007ffdaa430000 - 0x00007ffdaa43a000 	C:\WINDOWS\SYSTEM32\VERSION.dll
0x00007ffdabb40000 - 0x00007ffdabb74000 	C:\WINDOWS\SYSTEM32\WINMM.dll
0x00007ffdb0ea0000 - 0x00007ffdb0eb3000 	C:\WINDOWS\SYSTEM32\UMPDC.dll
0x00007ffdb0140000 - 0x00007ffdb0158000 	C:\WINDOWS\SYSTEM32\kernel.appcore.dll
0x00007ffda03d0000 - 0x00007ffda03da000 	C:\Users\Rahul Kolhe\.p2\pool\plugins\org.eclipse.justj.openjdk.hotspot.jre.full.win32.x86_64_22.0.1.v20240426-1149\jre\bin\jimage.dll
0x00007ffdae9c0000 - 0x00007ffdaebf2000 	C:\WINDOWS\SYSTEM32\DBGHELP.DLL
0x00007ffdb2810000 - 0x00007ffdb2b9d000 	C:\WINDOWS\System32\combase.dll
0x00007ffdb2430000 - 0x00007ffdb2507000 	C:\WINDOWS\System32\OLEAUT32.dll
0x00007ffda9920000 - 0x00007ffda9952000 	C:\WINDOWS\SYSTEM32\dbgcore.DLL
0x00007ffdb11b0000 - 0x00007ffdb122b000 	C:\WINDOWS\System32\bcryptPrimitives.dll
0x00007ffd96d80000 - 0x00007ffd96d9e000 	C:\Users\Rahul Kolhe\.p2\pool\plugins\org.eclipse.justj.openjdk.hotspot.jre.full.win32.x86_64_22.0.1.v20240426-1149\jre\bin\java.dll
0x00007ffdb1bc0000 - 0x00007ffdb2428000 	C:\WINDOWS\System32\SHELL32.dll
0x00007ffdb2e00000 - 0x00007ffdb2fa5000 	C:\WINDOWS\System32\ole32.dll

dbghelp: loaded successfully - version: 4.0.5 - missing functions: none
symbol engine: initialized successfully - sym options: 0x614 - pdb path: .;C:\Users\Rahul Kolhe\.p2\pool\plugins\org.eclipse.justj.openjdk.hotspot.jre.full.win32.x86_64_22.0.1.v20240426-1149\jre\bin;C:\WINDOWS\SYSTEM32;C:\WINDOWS\WinSxS\amd64_microsoft.windows.common-controls_6595b64144ccf1df_6.0.22621.3672_none_2713b9d173822955;C:\Users\Rahul Kolhe\.p2\pool\plugins\org.eclipse.justj.openjdk.hotspot.jre.full.win32.x86_64_22.0.1.v20240426-1149\jre\bin\server

VM Arguments:
jvm_args: -Dfile.encoding=UTF-8 -Dstdout.encoding=UTF-8 -Dstderr.encoding=UTF-8 -XX:+ShowCodeDetailsInExceptionMessages 
java_command: readData.ReadData
java_class_path (initial): D:\automation\automation\target\test-classes;D:\automation\automation\target\classes;C:\Users\Rahul Kolhe\.m2\repository\org\seleniumhq\selenium\selenium-api\4.16.1\selenium-api-4.16.1.jar;C:\Users\Rahul Kolhe\.m2\repository\org\apache\poi\poi\5.2.3\poi-5.2.3.jar;C:\Users\Rahul Kolhe\.m2\repository\org\apache\poi\poi-ooxml\5.2.3\poi-ooxml-5.2.3.jar;C:\Users\Rahul Kolhe\.m2\repository\commons-codec\commons-codec\1.15\commons-codec-1.15.jar;C:\Users\Rahul Kolhe\.m2\repository\org\apache\commons\commons-math3\3.6.1\commons-math3-3.6.1.jar;C:\Users\Rahul Kolhe\.m2\repository\com\zaxxer\SparseBitSet\1.2\SparseBitSet-1.2.jar;C:\Users\Rahul Kolhe\.m2\repository\org\apache\poi\poi-ooxml-lite\5.2.3\poi-ooxml-lite-5.2.3.jar;C:\Users\Rahul Kolhe\.m2\repository\org\apache\commons\commons-compress\1.21\commons-compress-1.21.jar;C:\Users\Rahul Kolhe\.m2\repository\com\github\virtuald\curvesapi\1.07\curvesapi-1.07.jar;C:\Users\Rahul Kolhe\.m2\repository\org\apache\commons\commons-collections4\4.4\commons-collections4-4.4.jar;C:\Users\Rahul Kolhe\.m2\repository\org\apache\xmlbeans\xmlbeans\5.1.1\xmlbeans-5.1.1.jar;C:\Users\Rahul Kolhe\.m2\repository\org\apache\logging\log4j\log4j-api\2.20.0\log4j-api-2.20.0.jar;C:\Users\Rahul Kolhe\.m2\repository\junit\junit\3.8.1\junit-3.8.1.jar;C:\Users\Rahul Kolhe\.m2\repository\com\googlecode\json-simple\json-simple\1.1.1\json-simple-1.1.1.jar;C:\Users\Rahul Kolhe\.m2\repository\io\rest-assured\rest-assured\5.4.0\rest-assured-5.4.0.jar;C:\Users\Rahul Kolhe\.m2\repository\org\apache\groovy\groovy\4.0.16\groovy-4.0.16.jar;C:\Users\Rahul Kolhe\.m2\repository\org\apache\groovy\groovy-xml\4.0.16\groovy-xml-4.0.16.jar;C:\Users\Rahul Kolhe\.m2\repository\org\apache\httpcomponents\httpclient\4.5.13\httpclient-4.5.13.jar;C:\Users\Rahul Kolhe\.m2\repository\org\apache\httpcomponents\httpcore\4.4.13\httpcore-4.4.13.jar;C:\Users\Rahul Kolhe\.m2\repository\commons-logging\commons-logging\1.2\commons-logging-1.2.jar;C:\Users\Rahul Kolhe\.m2\repository\org\apache\httpcomponents\httpmime\4.5.13\httpmime-4.5.13.jar;C:\Users\Rahul Kolhe\.m2\repository\org\hamcrest\hamcrest\2.2\hamcrest-2.2.jar;C:\Users\Rahul Kolhe\.m2\repository\org\ccil\cowan\tagsoup\tagsoup\1.2.1\tagsoup-1.2.1.jar;C:\Users\Rahul Kolhe\.m2\repository\io\rest-assured\json-path\5.4.0\json-path-5.4.0.jar;C:\Users\Rahul Kolhe\.m2\repository\org\apache\groovy\groovy-json\4.0.16\groovy-json-4.0.16.jar;C:\Users\Rahul Kolhe\.m2\repository\io\rest-assured\rest-assured-common\5.4.0\rest-assured-common-5.4.0.jar;C:\Users\Rahul Kolhe\.m2\repository\io\rest-assured\xml-path\5.4.0\xml-path-5.4.0.jar;C:\Users\Rahul Kolhe\.m2\repository\org\apache\commons\commons-lang3\3.11\commons-lang3-3.11.jar;C:\Users\Rahul Kolhe\.m2\repository\org\testng\testng\7.8.0\testng-7.8.0.jar;C:\Users\Rahul Kolhe\.m2\repository\org\slf4j\slf4j-api\1.7.36\slf4j-api-1.7.36.jar;C:\Users\Rahul Kolhe\.m2\repository\com\beust\jcommander\1.82\jcommander-1.82.jar;C:\Users\Rahul Kolhe\.m2\repository\org\webjars\jquery\3.6.1\jquery-3.6.1.jar;C:\Users\Rahul Kolhe\.m2\repository\org\seleniumhq\selenium\selenium-java\4.16.1\selenium-java-4.16.1.jar;C:\Users\Rahul Kolhe\.m2\repository\org\seleniumhq\selenium\selenium-chrome-driver\4.16.1\selenium-chrome-driver-4.16.1.jar;C:\Users\Rahul Kolhe\.m2\repository\com\google\auto\service\auto-service-annotations\1.1.1\auto-service-annotations-1.1.1.jar;C:\Users\Rahul Kolhe\.m2\repository\org\seleniumhq\selenium\selenium-chromium-driver\4.16.1\selenium-chromium-driver-4.16.1.jar;C:\Users\Rahul Kolhe\.m2\repository\org\seleniumhq\selenium\selenium-json\4.16.1\selenium-json-4.16.1.jar;C:\Users\Rahul Kolhe\.m2\repository\org\seleniumhq\selenium\selenium-manager\4.16.1\selenium-manager-4.16.1.jar;C:\Users\Rahul Kolhe\.m2\repository\org\seleniumhq\selenium\selenium-devtools-v118\4.16.1\selenium-devtools-v118-4.16.1.jar;C:\Users\Rahul Kolhe\.m2\repository\org\seleniumhq\selenium\selenium-devtools-v119\4.16.1\selenium-devtools-v119-4.16.1.jar;C:\Users\Rahul Kolhe\.m2\repository\org\seleniumhq\selenium\selenium-devtools-v120\4.16.1\selenium-devtools-v120-4.16.1.jar;C:\Users\Rahul Kolhe\.m2\repository\org\seleniumhq\selenium\selenium-devtools-v85\4.16.1\selenium-devtools-v85-4.16.1.jar;C:\Users\Rahul Kolhe\.m2\repository\org\seleniumhq\selenium\selenium-edge-driver\4.16.1\selenium-edge-driver-4.16.1.jar;C:\Users\Rahul Kolhe\.m2\repository\org\seleniumhq\selenium\selenium-firefox-driver\4.16.1\selenium-firefox-driver-4.16.1.jar;C:\Users\Rahul Kolhe\.m2\repository\org\seleniumhq\selenium\selenium-http\4.16.1\selenium-http-4.16.1.jar;C:\Users\Rahul Kolhe\.m2\repository\dev\failsafe\failsafe\3.3.2\failsafe-3.3.2.jar;C:\Users\Rahul Kolhe\.m2\repository\org\seleniumhq\selenium\selenium-ie-driver\4.16.1\selenium-ie-driver-4.16.1.jar;C:\Users\Rahul Kolhe\.m2\repository\org\seleniumhq\selenium\selenium-remote-driver\4.16.1\selenium-remote-driver-4.16.1.jar;C:\Users\Rahul Kolhe\.m2\repository\com\google\guava\guava\32.1.2-jre\guava-32.1.2-jre.jar;C:\Users\Rahul Kolhe\.m2\repository\com\google\guava\failureaccess\1.0.1\failureaccess-1.0.1.jar;C:\Users\Rahul Kolhe\.m2\repository\com\google\guava\listenablefuture\9999.0-empty-to-avoid-conflict-with-guava\listenablefuture-9999.0-empty-to-avoid-conflict-with-guava.jar;C:\Users\Rahul Kolhe\.m2\repository\com\google\code\findbugs\jsr305\3.0.2\jsr305-3.0.2.jar;C:\Users\Rahul Kolhe\.m2\repository\org\checkerframework\checker-qual\3.33.0\checker-qual-3.33.0.jar;C:\Users\Rahul Kolhe\.m2\repository\com\google\errorprone\error_prone_annotations\2.18.0\error_prone_annotations-2.18.0.jar;C:\Users\Rahul Kolhe\.m2\repository\com\google\j2objc\j2objc-annotations\2.8\j2objc-annotations-2.8.jar;C:\Users\Rahul Kolhe\.m2\repository\io\opentelemetry\opentelemetry-api\1.28.0\opentelemetry-api-1.28.0.jar;C:\Users\Rahul Kolhe\.m2\repository\io\opentelemetry\opentelemetry-context\1.28.0\opentelemetry-context-1.28.0.jar;C:\Users\Rahul Kolhe\.m2\repository\io\opentelemetry\opentelemetry-exporter-logging\1.28.0\opentelemetry-exporter-logging-1.28.0.jar;C:\Users\Rahul Kolhe\.m2\repository\io\opentelemetry\opentelemetry-sdk-metrics\1.28.0\opentelemetry-sdk-metrics-1.28.0.jar;C:\Users\Rahul Kolhe\.m2\repository\io\opentelemetry\opentelemetry-extension-incubator\1.28.0-alpha\opentelemetry-extension-incubator-1.28.0-alpha.jar;C:\Users\Rahul Kolhe\.m2\repository\io\opentelemetry\opentelemetry-sdk-logs\1.28.0\opentelemetry-sdk-logs-1.28.0.jar;C:\Users\Rahul Kolhe\.m2\repository\io\opentelemetry\opentelemetry-sdk-common\1.28.0\opentelemetry-sdk-common-1.28.0.jar;C:\Users\Rahul Kolhe\.m2\repository\io\opentelemetry\opentelemetry-sdk-extension-autoconfigure-spi\1.28.0\opentelemetry-sdk-extension-autoconfigure-spi-1.28.0.jar;C:\Users\Rahul Kolhe\.m2\repository\io\opentelemetry\opentelemetry-sdk-extension-autoconfigure\1.28.0\opentelemetry-sdk-extension-autoconfigure-1.28.0.jar;C:\Users\Rahul Kolhe\.m2\repository\io\opentelemetry\opentelemetry-api-events\1.28.0-alpha\opentelemetry-api-events-1.28.0-alpha.jar;C:\Users\Rahul Kolhe\.m2\repository\io\opentelemetry\opentelemetry-sdk-trace\1.28.0\opentelemetry-sdk-trace-1.28.0.jar;C:\Users\Rahul Kolhe\.m2\repository\io\opentelemetry\opentelemetry-sdk\1.28.0\opentelemetry-sdk-1.28.0.jar;C:\Users\Rahul Kolhe\.m2\repository\io\opentelemetry\opentelemetry-semconv\1.28.0-alpha\opentelemetry-semconv-1.28.0-alpha.jar;C:\Users\Rahul Kolhe\.m2\repository\net\bytebuddy\byte-buddy\1.14.5\byte-buddy-1.14.5.jar;C:\Users\Rahul Kolhe\.m2\repository\org\seleniumhq\selenium\selenium-os\4.16.1\selenium-os-4.16.1.jar;C:\Users\Rahul Kolhe\.m2\repository\org\apache\commons\commons-exec\1.3\commons-exec-1.3.jar;C:\Users\Rahul Kolhe\.m2\repository\org\seleniumhq\selenium\selenium-safari-driver\4.16.1\selenium-safari-driver-4.16.1.jar;C:\Users\Rahul Kolhe\.m2\repository\org\seleniumhq\selenium\selenium-support\4.16.1\selenium-support-4.16.1.jar;C:\Users\Rahul Kolhe\.m2\repository\commons-io\commons-io\2.16.1\commons-io-2.16.1.jar
Launcher Type: SUN_STANDARD

[Global flags]
     intx CICompilerCount                          = 3                                         {product} {ergonomic}
     uint ConcGCThreads                            = 1                                         {product} {ergonomic}
     uint G1ConcRefinementThreads                  = 4                                         {product} {ergonomic}
   size_t G1HeapRegionSize                         = 1048576                                   {product} {ergonomic}
   size_t InitialHeapSize                          = 132120576                                 {product} {ergonomic}
   size_t MarkStackSize                            = 4194304                                   {product} {ergonomic}
   size_t MaxHeapSize                              = 2095054848                                {product} {ergonomic}
   size_t MinHeapDeltaBytes                        = 1048576                                   {product} {ergonomic}
   size_t MinHeapSize                              = 8388608                                   {product} {ergonomic}
    uintx NonNMethodCodeHeapSize                   = 5832780                                {pd product} {ergonomic}
    uintx NonProfiledCodeHeapSize                  = 122912730                              {pd product} {ergonomic}
    uintx ProfiledCodeHeapSize                     = 122912730                              {pd product} {ergonomic}
    uintx ReservedCodeCacheSize                    = 251658240                              {pd product} {ergonomic}
     bool SegmentedCodeCache                       = true                                      {product} {ergonomic}
     bool ShowCodeDetailsInExceptionMessages       = true                                   {manageable} {command line}
   size_t SoftMaxHeapSize                          = 2095054848                             {manageable} {ergonomic}
     bool UseCompressedOops                        = true                           {product lp64_product} {ergonomic}
     bool UseG1GC                                  = true                                      {product} {ergonomic}
     bool UseLargePagesIndividualAllocation        = false                                  {pd product} {ergonomic}

Logging:
Log output configuration:
 #0: stdout all=warning uptime,level,tags foldmultilines=false
 #1: stderr all=off uptime,level,tags foldmultilines=false

Environment Variables:
PATH=C:/Users/Rahul Kolhe/.p2/pool/plugins/org.eclipse.justj.openjdk.hotspot.jre.full.win32.x86_64_22.0.1.v20240426-1149/jre/bin/server;C:/Users/Rahul Kolhe/.p2/pool/plugins/org.eclipse.justj.openjdk.hotspot.jre.full.win32.x86_64_22.0.1.v20240426-1149/jre/bin;C:\Python311\Scripts\;C:\Python311\;C:\WINDOWS\system32;C:\WINDOWS;C:\WINDOWS\System32\Wbem;C:\WINDOWS\System32\WindowsPowerShell\v1.0\;C:\WINDOWS\System32\OpenSSH\;C:\Program Files\Git\cmd;C:\ProgramData\chocolatey\bin;C:\Users\Rahul Kolhe\AppData\Roaming\nvm;C:\Program Files\nodejs;C:\Users\Rahul Kolhe\AppData\Local\Microsoft\WindowsApps;C:\Program Files\JetBrains\IntelliJ IDEA Community Edition 2023.1.1\bin;;C:\Users\Rahul Kolhe\AppData\Local\Google\Cloud SDK\google-cloud-sdk\bin;C:\Users\Rahul Kolhe\AppData\Local\Programs\Microsoft VS Code\bin;C:\Users\Rahul Kolhe\AppData\Roaming\npm;C:\Users\Rahul Kolhe\AppData\Roaming\nvm;C:\Program Files\nodejs;;C:\WINDOWS\system32;
USERNAME=Rahul Kolhe
OS=Windows_NT
PROCESSOR_IDENTIFIER=Intel64 Family 6 Model 140 Stepping 1, GenuineIntel
TMP=C:\Users\RAHULK~1\AppData\Local\Temp
TEMP=C:\Users\RAHULK~1\AppData\Local\Temp




Periodic native trim disabled

---------------  S Y S T E M  ---------------

OS:
 Windows 11 , 64 bit Build 22621 (10.0.22621.3958)
OS uptime: 3 days 23:16 hours
Hyper-V role detected

CPU: total 4 (initial active 4) (2 cores per cpu, 2 threads per core) family 6 model 140 stepping 1 microcode 0x9a, cx8, cmov, fxsr, ht, mmx, 3dnowpref, sse, sse2, sse3, ssse3, sse4.1, sse4.2, popcnt, lzcnt, tsc, tscinvbit, avx, avx2, aes, erms, clmul, bmi1, bmi2, adx, avx512f, avx512dq, avx512cd, avx512bw, avx512vl, sha, fma, vzeroupper, avx512_vpopcntdq, avx512_vpclmulqdq, avx512_vaes, avx512_vnni, clflush, clflushopt, clwb, avx512_vbmi2, avx512_vbmi, hv, rdtscp, rdpid, fsrm, gfni, avx512_bitalg, f16c, cet_ibt, cet_ss, avx512_ifma
Processor Information for all 4 processors :
  Max Mhz: 2995, Current Mhz: 2995, Mhz Limit: 2995

Memory: 4k page, system-wide physical 7991M (381M free)
TotalPageFile size 30479M (AvailPageFile size 80M)
current process WorkingSet (physical memory assigned to process): 12M, peak: 12M
current process commit charge ("private bytes"): 52M, peak: 178M

vm_info: OpenJDK 64-Bit Server VM (22.0.1+8) for windows-amd64 JRE (22.0.1+8), built on 2024-04-16T00:00:00Z by "admin" with MS VC++ 17.7 (VS2022)

END.
